  PhysXTreb.cpp
c:\users\student\desktop\physx-treb\physxtutorial-master\physxtreb\basicactors.h(81): warning C4305: 'argument': truncation from 'double' to 'physx::PxReal'
c:\users\student\desktop\physx-treb\physxtutorial-master\physxtreb\basicactors.h(82): warning C4305: 'argument': truncation from 'double' to 'physx::PxReal'
c:\users\student\desktop\physx-treb\physxtutorial-master\physxtreb\basicactors.h(83): warning C4305: 'argument': truncation from 'double' to 'physx::PxReal'
c:\users\student\desktop\physx-treb\physxtutorial-master\physxtreb\basicactors.h(143): warning C4305: 'argument': truncation from 'double' to 'physx::PxReal'
c:\users\student\desktop\physx-treb\physxtutorial-master\physxtreb\myphysicsengine.h(172): warning C4200: nonstandard extension used: zero-sized array in struct/union
  c:\users\student\desktop\physx-treb\physxtutorial-master\physxtreb\myphysicsengine.h(172): note: This member will be ignored by a defaulted constructor or copy/move assignment operator
c:\users\student\desktop\physx-treb\physxtutorial-master\physxtreb\myphysicsengine.h(209): warning C4305: 'argument': truncation from 'double' to 'physx::PxReal'
c:\users\student\desktop\physx-treb\physxtutorial-master\physxtreb\myphysicsengine.h(235): warning C4305: 'argument': truncation from 'double' to 'physx::PxReal'
c:\users\student\desktop\physx-treb\physxtutorial-master\physxtreb\myphysicsengine.h(327): warning C4305: 'argument': truncation from 'double' to 'physx::PxReal'
  VisualDebugger.cpp
c:\users\student\desktop\physx-treb\physxtutorial-master\physxtreb\basicactors.h(81): warning C4305: 'argument': truncation from 'double' to 'physx::PxReal'
c:\users\student\desktop\physx-treb\physxtutorial-master\physxtreb\basicactors.h(82): warning C4305: 'argument': truncation from 'double' to 'physx::PxReal'
c:\users\student\desktop\physx-treb\physxtutorial-master\physxtreb\basicactors.h(83): warning C4305: 'argument': truncation from 'double' to 'physx::PxReal'
c:\users\student\desktop\physx-treb\physxtutorial-master\physxtreb\basicactors.h(143): warning C4305: 'argument': truncation from 'double' to 'physx::PxReal'
c:\users\student\desktop\physx-treb\physxtutorial-master\physxtreb\myphysicsengine.h(172): warning C4200: nonstandard extension used: zero-sized array in struct/union
  c:\users\student\desktop\physx-treb\physxtutorial-master\physxtreb\myphysicsengine.h(172): note: This member will be ignored by a defaulted constructor or copy/move assignment operator
c:\users\student\desktop\physx-treb\physxtutorial-master\physxtreb\myphysicsengine.h(209): warning C4305: 'argument': truncation from 'double' to 'physx::PxReal'
c:\users\student\desktop\physx-treb\physxtutorial-master\physxtreb\myphysicsengine.h(235): warning C4305: 'argument': truncation from 'double' to 'physx::PxReal'
c:\users\student\desktop\physx-treb\physxtutorial-master\physxtreb\myphysicsengine.h(327): warning C4305: 'argument': truncation from 'double' to 'physx::PxReal'
c:\users\student\desktop\physx-treb\physxtutorial-master\physxtreb\visualdebugger.cpp(348): warning C4553: '==': result of expression not used; did you intend '='?
c:\users\student\desktop\physx-treb\physxtutorial-master\physxtreb\visualdebugger.cpp(355): warning C4553: '==': result of expression not used; did you intend '='?
  Generating Code...
  PhysXTreb.vcxproj -> C:\Users\Student\Desktop\PhysX-Treb\PhysXTutorial-master\x64\Debug\PhysXTreb.exe
